# Logfile created on 2014-01-07 15:48:03 -0300 by logger.rb/41954
I, [2014-01-07T15:48:03.446504 #52090]  INFO -- : 0:  i18n (0.6.9) from /Users/martinalaimo/.rvm/gems/ruby-2.0.0-p353@koinz/specifications/i18n-0.6.9.gemspec
I, [2014-01-07T15:48:05.710514 #52090]  INFO -- : 0:  multi_json (1.8.2) from /Users/martinalaimo/.rvm/gems/ruby-2.0.0-p353@koinz/specifications/multi_json-1.8.2.gemspec
I, [2014-01-07T15:48:09.694769 #52090]  INFO -- : 0:  activesupport (3.2.16) from /Users/martinalaimo/.rvm/gems/ruby-2.0.0-p353@koinz/specifications/activesupport-3.2.16.gemspec
I, [2014-01-07T15:48:09.695703 #52090]  INFO -- : 0:  bundler (1.5.1) from /Users/martinalaimo/.rvm/gems/ruby-2.0.0-p353@global/specifications/bundler-1.5.1.gemspec
I, [2014-01-07T15:48:13.345117 #52090]  INFO -- : 0:  rack (1.5.2) from /Users/martinalaimo/.rvm/gems/ruby-2.0.0-p353@koinz/specifications/rack-1.5.2.gemspec
I, [2014-01-07T15:48:15.503528 #52090]  INFO -- : 0:  url_mount (0.2.1) from /Users/martinalaimo/.rvm/gems/ruby-2.0.0-p353@koinz/specifications/url_mount-0.2.1.gemspec
I, [2014-01-07T15:48:18.135778 #52090]  INFO -- : 0:  http_router (0.11.0) from /Users/martinalaimo/.rvm/gems/ruby-2.0.0-p353@koinz/specifications/http_router-0.11.0.gemspec
I, [2014-01-07T15:48:21.114900 #52090]  INFO -- : 0:  mime-types (1.25.1) from /Users/martinalaimo/.rvm/gems/ruby-2.0.0-p353@koinz/specifications/mime-types-1.25.1.gemspec
I, [2014-01-07T15:48:23.268499 #52090]  INFO -- : 0:  polyglot (0.3.3) from /Users/martinalaimo/.rvm/gems/ruby-2.0.0-p353@koinz/specifications/polyglot-0.3.3.gemspec
I, [2014-01-07T15:48:26.557665 #52090]  INFO -- : 0:  treetop (1.4.15) from /Users/martinalaimo/.rvm/gems/ruby-2.0.0-p353@koinz/specifications/treetop-1.4.15.gemspec
I, [2014-01-07T15:48:29.146960 #52090]  INFO -- : 0:  mail (2.5.4) from /Users/martinalaimo/.rvm/gems/ruby-2.0.0-p353@koinz/specifications/mail-2.5.4.gemspec
I, [2014-01-07T15:48:31.145726 #52090]  INFO -- : 0:  rack-protection (1.5.1) from /Users/martinalaimo/.rvm/gems/ruby-2.0.0-p353@koinz/specifications/rack-protection-1.5.1.gemspec
I, [2014-01-07T15:48:35.377513 #52090]  INFO -- : 0:  tilt (1.4.1) from /Users/martinalaimo/.rvm/gems/ruby-2.0.0-p353@koinz/specifications/tilt-1.4.1.gemspec
I, [2014-01-07T15:48:39.777271 #52090]  INFO -- : 0:  sinatra (1.4.4) from /Users/martinalaimo/.rvm/gems/ruby-2.0.0-p353@koinz/specifications/sinatra-1.4.4.gemspec
I, [2014-01-07T15:48:41.872125 #52090]  INFO -- : 0:  thor (0.17.0) from /Users/martinalaimo/.rvm/gems/ruby-2.0.0-p353@koinz/specifications/thor-0.17.0.gemspec
I, [2014-01-07T15:48:44.842643 #52090]  INFO -- : 0:  padrino-core (0.11.4) from /Users/martinalaimo/.rvm/gems/ruby-2.0.0-p353@koinz/specifications/padrino-core-0.11.4.gemspec
I, [2014-01-07T15:48:47.325380 #52090]  INFO -- : 0:  padrino-helpers (0.11.4) from /Users/martinalaimo/.rvm/gems/ruby-2.0.0-p353@koinz/specifications/padrino-helpers-0.11.4.gemspec
I, [2014-01-07T15:48:50.614187 #52090]  INFO -- : 0:  padrino-admin (0.11.4) from /Users/martinalaimo/.rvm/gems/ruby-2.0.0-p353@koinz/specifications/padrino-admin-0.11.4.gemspec
I, [2014-01-07T15:48:53.111892 #52090]  INFO -- : 0:  padrino-cache (0.11.4) from /Users/martinalaimo/.rvm/gems/ruby-2.0.0-p353@koinz/specifications/padrino-cache-0.11.4.gemspec
I, [2014-01-07T15:48:56.567026 #52090]  INFO -- : 0:  padrino-gen (0.11.4) from /Users/martinalaimo/.rvm/gems/ruby-2.0.0-p353@koinz/specifications/padrino-gen-0.11.4.gemspec
I, [2014-01-07T15:48:58.662896 #52090]  INFO -- : 0:  padrino-mailer (0.11.4) from /Users/martinalaimo/.rvm/gems/ruby-2.0.0-p353@koinz/specifications/padrino-mailer-0.11.4.gemspec
I, [2014-01-07T15:49:00.681261 #52090]  INFO -- : 0:  padrino (0.11.4) from /Users/martinalaimo/.rvm/gems/ruby-2.0.0-p353@koinz/specifications/padrino-0.11.4.gemspec
I, [2014-01-07T15:58:33.975547 #52644]  INFO -- : 0:  rake (10.1.1) from /Users/martinalaimo/.rvm/gems/ruby-2.0.0-p353@koinz/specifications/rake-10.1.1.gemspec
I, [2014-01-07T15:58:33.976550 #52644]  INFO -- : 0:  i18n (0.6.9) from /Users/martinalaimo/.rvm/gems/ruby-2.0.0-p353@koinz/specifications/i18n-0.6.9.gemspec
I, [2014-01-07T15:58:33.976899 #52644]  INFO -- : 0:  multi_json (1.8.2) from /Users/martinalaimo/.rvm/gems/ruby-2.0.0-p353@koinz/specifications/multi_json-1.8.2.gemspec
I, [2014-01-07T15:58:33.977209 #52644]  INFO -- : 0:  activesupport (3.2.16) from /Users/martinalaimo/.rvm/gems/ruby-2.0.0-p353@koinz/specifications/activesupport-3.2.16.gemspec
I, [2014-01-07T15:58:33.977499 #52644]  INFO -- : 0:  bundler (1.5.1) from /Users/martinalaimo/.rvm/gems/ruby-2.0.0-p353@global/specifications/bundler-1.5.1.gemspec
I, [2014-01-07T15:58:37.544209 #52644]  INFO -- : 0:  diff-lcs (1.2.5) from /Users/martinalaimo/.rvm/gems/ruby-2.0.0-p353@koinz/specifications/diff-lcs-1.2.5.gemspec
I, [2014-01-07T15:58:37.544709 #52644]  INFO -- : 0:  tilt (1.4.1) from /Users/martinalaimo/.rvm/gems/ruby-2.0.0-p353@koinz/specifications/tilt-1.4.1.gemspec
I, [2014-01-07T15:58:40.918838 #52644]  INFO -- : 0:  haml (4.0.5) from /Users/martinalaimo/.rvm/gems/ruby-2.0.0-p353@koinz/specifications/haml-4.0.5.gemspec
I, [2014-01-07T15:58:40.919716 #52644]  INFO -- : 0:  rack (1.5.2) from /Users/martinalaimo/.rvm/gems/ruby-2.0.0-p353@koinz/specifications/rack-1.5.2.gemspec
I, [2014-01-07T15:58:40.920090 #52644]  INFO -- : 0:  url_mount (0.2.1) from /Users/martinalaimo/.rvm/gems/ruby-2.0.0-p353@koinz/specifications/url_mount-0.2.1.gemspec
I, [2014-01-07T15:58:40.920453 #52644]  INFO -- : 0:  http_router (0.11.0) from /Users/martinalaimo/.rvm/gems/ruby-2.0.0-p353@koinz/specifications/http_router-0.11.0.gemspec
I, [2014-01-07T15:58:40.920812 #52644]  INFO -- : 0:  mime-types (1.25.1) from /Users/martinalaimo/.rvm/gems/ruby-2.0.0-p353@koinz/specifications/mime-types-1.25.1.gemspec
I, [2014-01-07T15:58:40.921172 #52644]  INFO -- : 0:  polyglot (0.3.3) from /Users/martinalaimo/.rvm/gems/ruby-2.0.0-p353@koinz/specifications/polyglot-0.3.3.gemspec
I, [2014-01-07T15:58:40.921533 #52644]  INFO -- : 0:  treetop (1.4.15) from /Users/martinalaimo/.rvm/gems/ruby-2.0.0-p353@koinz/specifications/treetop-1.4.15.gemspec
I, [2014-01-07T15:58:40.922094 #52644]  INFO -- : 0:  mail (2.5.4) from /Users/martinalaimo/.rvm/gems/ruby-2.0.0-p353@koinz/specifications/mail-2.5.4.gemspec
I, [2014-01-07T15:58:40.922460 #52644]  INFO -- : 0:  rack-protection (1.5.1) from /Users/martinalaimo/.rvm/gems/ruby-2.0.0-p353@koinz/specifications/rack-protection-1.5.1.gemspec
I, [2014-01-07T15:58:40.922817 #52644]  INFO -- : 0:  sinatra (1.4.4) from /Users/martinalaimo/.rvm/gems/ruby-2.0.0-p353@koinz/specifications/sinatra-1.4.4.gemspec
I, [2014-01-07T15:58:40.923199 #52644]  INFO -- : 0:  thor (0.17.0) from /Users/martinalaimo/.rvm/gems/ruby-2.0.0-p353@koinz/specifications/thor-0.17.0.gemspec
I, [2014-01-07T15:58:40.923591 #52644]  INFO -- : 0:  padrino-core (0.11.4) from /Users/martinalaimo/.rvm/gems/ruby-2.0.0-p353@koinz/specifications/padrino-core-0.11.4.gemspec
I, [2014-01-07T15:58:40.923943 #52644]  INFO -- : 0:  padrino-helpers (0.11.4) from /Users/martinalaimo/.rvm/gems/ruby-2.0.0-p353@koinz/specifications/padrino-helpers-0.11.4.gemspec
I, [2014-01-07T15:58:40.924282 #52644]  INFO -- : 0:  padrino-admin (0.11.4) from /Users/martinalaimo/.rvm/gems/ruby-2.0.0-p353@koinz/specifications/padrino-admin-0.11.4.gemspec
I, [2014-01-07T15:58:40.924643 #52644]  INFO -- : 0:  padrino-cache (0.11.4) from /Users/martinalaimo/.rvm/gems/ruby-2.0.0-p353@koinz/specifications/padrino-cache-0.11.4.gemspec
I, [2014-01-07T15:58:40.924966 #52644]  INFO -- : 0:  padrino-gen (0.11.4) from /Users/martinalaimo/.rvm/gems/ruby-2.0.0-p353@koinz/specifications/padrino-gen-0.11.4.gemspec
I, [2014-01-07T15:58:40.925317 #52644]  INFO -- : 0:  padrino-mailer (0.11.4) from /Users/martinalaimo/.rvm/gems/ruby-2.0.0-p353@koinz/specifications/padrino-mailer-0.11.4.gemspec
I, [2014-01-07T15:58:40.925668 #52644]  INFO -- : 0:  padrino (0.11.4) from /Users/martinalaimo/.rvm/gems/ruby-2.0.0-p353@koinz/specifications/padrino-0.11.4.gemspec
I, [2014-01-07T15:58:43.099961 #52644]  INFO -- : 0:  rack-test (0.6.2) from /Users/martinalaimo/.rvm/gems/ruby-2.0.0-p353@koinz/specifications/rack-test-0.6.2.gemspec
I, [2014-01-07T15:58:48.184553 #52644]  INFO -- : 0:  rspec-core (2.14.7) from /Users/martinalaimo/.rvm/gems/ruby-2.0.0-p353@koinz/specifications/rspec-core-2.14.7.gemspec
I, [2014-01-07T15:58:51.424172 #52644]  INFO -- : 0:  rspec-expectations (2.14.4) from /Users/martinalaimo/.rvm/gems/ruby-2.0.0-p353@koinz/specifications/rspec-expectations-2.14.4.gemspec
I, [2014-01-07T15:58:55.246815 #52644]  INFO -- : 0:  rspec-mocks (2.14.4) from /Users/martinalaimo/.rvm/gems/ruby-2.0.0-p353@koinz/specifications/rspec-mocks-2.14.4.gemspec
I, [2014-01-07T15:58:57.728622 #52644]  INFO -- : 0:  rspec (2.14.1) from /Users/martinalaimo/.rvm/gems/ruby-2.0.0-p353@koinz/specifications/rspec-2.14.1.gemspec
